<?xml version="1.0" encoding="UTF-8"?>
<!-- Generated by org.testng.reporters.JUnitReportReporter -->
<testsuite skipped="0" hostname="winseltest" name="com.seleniumdemo.seleniumcasetest.testcase" tests="1" failures="0" timestamp="07 Jun 2019 12:13:51 GMT" time="18.532" errors="0">
  <testcase name="disp" time="18.532" classname="com.seleniumdemo.seleniumcasetest.testcase"/>
</testsuite> <!-- com.seleniumdemo.seleniumcasetest.testcase -->
