<?xml version="1.0" encoding="UTF-8"?>
<!-- Generated by org.testng.reporters.JUnitReportReporter -->
<testsuite skipped="0" hostname="winseltest" name="src.main.java.com.seleniumdemo.seleniumcasetest.testcase" tests="1" failures="0" timestamp="07 Jun 2019 12:06:34 GMT" time="19.652" errors="0">
  <testcase name="disp" time="19.652" classname="src.main.java.com.seleniumdemo.seleniumcasetest.testcase"/>
</testsuite> <!-- src.main.java.com.seleniumdemo.seleniumcasetest.testcase -->
